  [1m[35m (0.2ms)[0m  [1m[34mSELECT sqlite_version(*)[0m
  ↳ bin/rails:9
  [1m[35m (7.6ms)[0m  [1m[35mCREATE TABLE "schema_migrations" ("version" varchar NOT NULL PRIMARY KEY)[0m
  ↳ bin/rails:9
  [1m[35m (8.3ms)[0m  [1m[35mCREATE TABLE "ar_internal_metadata" ("key" varchar NOT NULL PRIMARY KEY, "value" varchar, "created_at" datetime NOT NULL, "updated_at" datetime NOT NULL)[0m
  ↳ bin/rails:9
  [1m[36mActiveRecord::InternalMetadata Load (0.9ms)[0m  [1m[34mSELECT  "ar_internal_metadata".* FROM "ar_internal_metadata" WHERE "ar_internal_metadata"."key" = ? LIMIT ?[0m  [["key", "environment"], ["LIMIT", 1]]
  ↳ bin/rails:9
  [1m[35m (0.2ms)[0m  [1m[36mbegin transaction[0m
  ↳ bin/rails:9
  [1m[36mActiveRecord::InternalMetadata Create (6.1ms)[0m  [1m[32mINSERT INTO "ar_internal_metadata" ("key", "value", "created_at", "updated_at") VALUES (?, ?, ?, ?)[0m  [["key", "environment"], ["value", "development"], ["created_at", "2021-09-17 15:40:45.569931"], ["updated_at", "2021-09-17 15:40:45.569931"]]
  ↳ bin/rails:9
  [1m[35m (4.1ms)[0m  [1m[36mcommit transaction[0m
  ↳ bin/rails:9
  [1m[35m (0.9ms)[0m  [1m[34mSELECT "schema_migrations"."version" FROM "schema_migrations" ORDER BY "schema_migrations"."version" ASC[0m
  ↳ bin/rails:9
  [1m[35m (2.1ms)[0m  [1m[34mSELECT "schema_migrations"."version" FROM "schema_migrations" ORDER BY "schema_migrations"."version" ASC[0m
  ↳ bin/rails:9
Migrating to CreateCats (20210917154128)
  [1m[35m (0.1ms)[0m  [1m[36mbegin transaction[0m
  ↳ bin/rails:9
  [1m[35m (0.1ms)[0m  [1m[34mSELECT sqlite_version(*)[0m
  ↳ db/migrate/20210917154128_create_cats.rb:3
  [1m[35m (4.5ms)[0m  [1m[35mCREATE TABLE "cats" ("id" integer PRIMARY KEY AUTOINCREMENT NOT NULL, "birthdate" date NOT NULL, "color" varchar NOT NULL, "name" varchar NOT NULL, "sex" varchar(1) NOT NULL, "description" text NOT NULL, "created_at" datetime NOT NULL, "updated_at" datetime NOT NULL)[0m
  ↳ db/migrate/20210917154128_create_cats.rb:3
  [1m[35m (0.2ms)[0m  [1m[35mCREATE  INDEX "index_cats_on_name" ON "cats" ("name")[0m
  ↳ db/migrate/20210917154128_create_cats.rb:12
  [1m[36mActiveRecord::SchemaMigration Create (2.0ms)[0m  [1m[32mINSERT INTO "schema_migrations" ("version") VALUES (?)[0m  [["version", "20210917154128"]]
  ↳ bin/rails:9
  [1m[35m (6.2ms)[0m  [1m[36mcommit transaction[0m
  ↳ bin/rails:9
  [1m[36mActiveRecord::InternalMetadata Load (1.3ms)[0m  [1m[34mSELECT  "ar_internal_metadata".* FROM "ar_internal_metadata" WHERE "ar_internal_metadata"."key" = ? LIMIT ?[0m  [["key", "environment"], ["LIMIT", 1]]
  ↳ bin/rails:9
  [1m[35m (0.0ms)[0m  [1m[36mbegin transaction[0m
  ↳ bin/rails:9
  [1m[35m (0.0ms)[0m  [1m[36mcommit transaction[0m
  ↳ bin/rails:9
  [1m[35m (1.4ms)[0m  [1m[34mSELECT "schema_migrations"."version" FROM "schema_migrations" ORDER BY "schema_migrations"."version" ASC[0m
  ↳ bin/rails:9
  [1m[35m (0.1ms)[0m  [1m[36mbegin transaction[0m
  [1m[36mCat Create (4.5ms)[0m  [1m[32mINSERT INTO "cats" ("birthdate", "color", "name", "sex", "description", "created_at", "updated_at") VALUES (?, ?, ?, ?, ?, ?, ?)[0m  [["birthdate", "2021-09-17"], ["color", "brown"], ["name", "tom"], ["sex", "M"], ["description", "very loooong"], ["created_at", "2021-09-17 16:02:22.709111"], ["updated_at", "2021-09-17 16:02:22.709111"]]
  [1m[35m (5.6ms)[0m  [1m[36mcommit transaction[0m
  [1m[35m (0.1ms)[0m  [1m[36mbegin transaction[0m
  [1m[35m (0.0ms)[0m  [1m[31mrollback transaction[0m
  [1m[35m (0.0ms)[0m  [1m[36mbegin transaction[0m
  [1m[35m (0.0ms)[0m  [1m[31mrollback transaction[0m
  [1m[35m (0.1ms)[0m  [1m[36mbegin transaction[0m
  [1m[35m (0.0ms)[0m  [1m[31mrollback transaction[0m
  [1m[35m (0.1ms)[0m  [1m[36mbegin transaction[0m
  [1m[36mCat Create (4.7ms)[0m  [1m[32mINSERT INTO "cats" ("birthdate", "color", "name", "sex", "description", "created_at", "updated_at") VALUES (?, ?, ?, ?, ?, ?, ?)[0m  [["birthdate", "2021-09-17"], ["color", "brown"], ["name", "jerry"], ["sex", "F"], ["description", "very loooong"], ["created_at", "2021-09-17 16:08:27.966047"], ["updated_at", "2021-09-17 16:08:27.966047"]]
  [1m[35m (6.3ms)[0m  [1m[36mcommit transaction[0m
  [1m[35m (0.1ms)[0m  [1m[36mbegin transaction[0m
  [1m[36mCat Create (6.4ms)[0m  [1m[32mINSERT INTO "cats" ("birthdate", "color", "name", "sex", "description", "created_at", "updated_at") VALUES (?, ?, ?, ?, ?, ?, ?)[0m  [["birthdate", "2015-01-20"], ["color", "brown"], ["name", "jerry"], ["sex", "F"], ["description", "very loooong"], ["created_at", "2021-09-17 16:14:25.229889"], ["updated_at", "2021-09-17 16:14:25.229889"]]
  [1m[35m (8.0ms)[0m  [1m[36mcommit transaction[0m
